Arguments: 
  /usr/local/Cellar/node/9.9.0/bin/node /usr/local/bin/yarn start

PATH: 
  /usr/local/bin:/usr/bin:/bin:/usr/sbin:/sbin

Yarn version: 
  1.5.1

Node version: 
  9.9.0

Platform: 
  darwin x64

npm manifest: 
  {
    "name": "nytimesreact",
    "version": "1.0.0",
    "description": "New York Times Search",
    "main": "server.js",
    "scripts": {
      "test": "echo \"Error: no test specified\" && exit 1"
    },
    "author": "Mike Binder",
    "license": "ISC",
    "engines": {
      "node": "9.9.0"
    },
    "dependencies": {
      "axios": "^0.12.0",
      "body-parser": "^1.15.2",
      "express": "^4.14.0",
      "mongoose": "^4.5.10",
      "morgan": "^1.7.0",
      "react": "^0.14.3",
      "react-dom": "^0.14.3",
      "request": "^2.72.0"
    },
    "devDependencies": {
      "babel-core": "^6.3.13",
      "babel-loader": "^6.2.0",
      "babel-preset-es2015": "^6.3.13",
      "babel-preset-react": "^6.3.13",
      "json-loader": "^0.5.4",
      "webpack": "^1.13.1"
    }
  }

yarn manifest: 
  No manifest

Lockfile: 
  No lockfile

Trace: 
  Error: Command failed.
  Exit code: 1
  Command: sh
  Arguments: -c node server.js
  Directory: /Users/mikebinder/Desktop/ReactApp
  Output:
  
      at ProcessTermError.MessageError (/usr/local/lib/node_modules/yarn/lib/cli.js:186:110)
      at new ProcessTermError (/usr/local/lib/node_modules/yarn/lib/cli.js:226:113)
      at ChildProcess.<anonymous> (/usr/local/lib/node_modules/yarn/lib/cli.js:30281:17)
      at ChildProcess.emit (events.js:180:13)
      at maybeClose (internal/child_process.js:936:16)
      at Process.ChildProcess._handle.onexit (internal/child_process.js:220:5)
